Hash: 6580c78e59d8e4daed3f
Version: webpack 4.4.1
Time: 3401ms
Built at: 2018-4-4 03:42:39
     Asset       Size  Chunks             Chunk Names
 bundle.js   3.86 MiB    main  [emitted]  main
index.html  517 bytes          [emitted]  
Entrypoint main = bundle.js
[./node_modules/babel-runtime/core-js/array/from.js] 91 bytes {main} [built]
[./node_modules/babel-runtime/core-js/map.js] 84 bytes {main} [built]
[./node_modules/babel-runtime/core-js/number/is-nan.js] 94 bytes {main} [built]
[./node_modules/babel-runtime/core-js/number/min-safe-integer.js] 104 bytes {main} [built]
[./node_modules/babel-runtime/core-js/object/assign.js] 94 bytes {main} [built]
[./node_modules/babel-runtime/core-js/object/create.js] 94 bytes {main} [built]
[./node_modules/babel-runtime/core-js/object/define-property.js] 103 bytes {main} [built]
[./node_modules/babel-runtime/core-js/object/get-prototype-of.js] 104 bytes {main} [built]
[./node_modules/babel-runtime/core-js/object/keys.js] 92 bytes {main} [built]
[./node_modules/babel-runtime/core-js/object/set-prototype-of.js] 104 bytes {main} [built]
[./node_modules/babel-runtime/core-js/symbol.js] 87 bytes {main} [built]
[./node_modules/babel-runtime/core-js/symbol/iterator.js] 96 bytes {main} [built]
[./node_modules/babel-runtime/helpers/classCallCheck.js] 208 bytes {main} [built]
[./node_modules/babel-runtime/helpers/createClass.js] 904 bytes {main} [built]
[./node_modules/babel-runtime/helpers/defineProperty.js] 540 bytes {main} [built]
[./node_modules/babel-runtime/helpers/extends.js] 544 bytes {main} [built]
[./node_modules/babel-runtime/helpers/inherits.js] 1.08 KiB {main} [built]
[./node_modules/babel-runtime/helpers/objectWithoutProperties.js] 280 bytes {main} [built]
[./node_modules/babel-runtime/helpers/possibleConstructorReturn.js] 542 bytes {main} [built]
[./node_modules/babel-runtime/helpers/toConsumableArray.js] 466 bytes {main} [built]
[./node_modules/babel-runtime/helpers/typeof.js] 1.04 KiB {main} [built]
[./node_modules/brcast/dist/brcast.es.js] 1010 bytes {main} [built]
[./node_modules/classnames/index.js] 1.08 KiB {main} [built]
[./node_modules/core-js/library/fn/array/from.js] 147 bytes {main} [built]
[./node_modules/core-js/library/fn/map.js] 317 bytes {main} [built]
[./node_modules/core-js/library/fn/number/is-nan.js] 106 bytes {main} [built]
[./node_modules/core-js/library/fn/number/min-safe-integer.js] 90 bytes {main} [built]
[./node_modules/core-js/library/fn/object/assign.js] 107 bytes {main} [built]
[./node_modules/core-js/library/fn/object/create.js] 172 bytes {main} [built]
[./node_modules/core-js/library/fn/object/define-property.js] 215 bytes {main} [built]
[./node_modules/core-js/library/fn/object/get-prototype-of.js] 125 bytes {main} [built]
[./node_modules/core-js/library/fn/object/keys.js] 103 bytes {main} [built]
[./node_modules/core-js/library/fn/object/set-prototype-of.js] 125 bytes {main} [built]
[./node_modules/core-js/library/fn/symbol/index.js] 240 bytes {main} [built]
[./node_modules/core-js/library/fn/symbol/iterator.js] 155 bytes {main} [built]
[./node_modules/core-js/library/modules/_a-function.js] 125 bytes {main} [built]
[./node_modules/core-js/library/modules/_add-to-unscopables.js] 46 bytes {main} [built]
[./node_modules/core-js/library/modules/_an-instance.js] 237 bytes {main} [built]
[./node_modules/core-js/library/modules/_an-object.js] 154 bytes {main} [built]
[./node_modules/core-js/library/modules/_array-from-iterable.js] 172 bytes {main} [built]
[./node_modules/core-js/library/modules/_array-includes.js] 924 bytes {main} [built]
[./node_modules/core-js/library/modules/_array-methods.js] 1.46 KiB {main} [built]
[./node_modules/core-js/library/modules/_array-species-constructor.js] 475 bytes {main} [built]
[./node_modules/core-js/library/modules/_array-species-create.js] 223 bytes {main} [built]
[./node_modules/core-js/library/modules/_classof.js] 718 bytes {main} [built]
[./node_modules/core-js/library/modules/_cof.js] 106 bytes {main} [built]
[./node_modules/core-js/library/modules/_collection-strong.js] 4.9 KiB {main} [built]
[./node_modules/core-js/library/modules/_collection-to-json.js] 317 bytes {main} [built]
[./node_modules/core-js/library/modules/_collection.js] 1.96 KiB {main} [built]
[./node_modules/core-js/library/modules/_core.js] 122 bytes {main} [built]
[./node_modules/core-js/library/modules/_create-property.js] 271 bytes {main} [built]
[./node_modules/core-js/library/modules/_ctx.js] 520 bytes {main} [built]
[./node_modules/core-js/library/modules/_defined.js] 162 bytes {main} [built]
[./node_modules/core-js/library/modules/_descriptors.js] 184 bytes {main} [built]
[./node_modules/core-js/library/modules/_dom-create.js] 289 bytes {main} [built]
[./node_modules/core-js/library/modules/_enum-bug-keys.js] 160 bytes {main} [built]
[./node_modules/core-js/library/modules/_enum-keys.js] 469 bytes {main} [built]
[./node_modules/core-js/library/modules/_export.js] 2.29 KiB {main} [built]
[./node_modules/core-js/library/modules/_fails.js] 104 bytes {main} [built]
[./node_modules/core-js/library/modules/_for-of.js] 1.15 KiB {main} [built]
[./node_modules/core-js/library/modules/_global.js] 369 bytes {main} [built]
[./node_modules/core-js/library/modules/_has.js] 120 bytes {main} [built]
[./node_modules/core-js/library/modules/_hide.js] 286 bytes {main} [built]
[./node_modules/core-js/library/modules/_html.js] 101 bytes {main} [built]
[./node_modules/core-js/library/modules/_ie8-dom-define.js] 199 bytes {main} [built]
[./node_modules/core-js/library/modules/_iobject.js] 289 bytes {main} [built]
[./node_modules/core-js/library/modules/_is-array-iter.js] 279 bytes {main} [built]
[./node_modules/core-js/library/modules/_is-array.js] 147 bytes {main} [built]
[./node_modules/core-js/library/modules/_is-object.js] 110 bytes {main} [built]
[./node_modules/core-js/library/modules/_iter-call.js] 410 bytes {main} [built]
[./node_modules/core-js/library/modules/_iter-create.js] 526 bytes {main} [built]
[./node_modules/core-js/library/modules/_iter-define.js] 2.71 KiB {main} [built]
[./node_modules/core-js/library/modules/_iter-detect.js] 645 bytes {main} [built]
[./node_modules/core-js/library/modules/_iter-step.js] 86 bytes {main} [built]
[./node_modules/core-js/library/modules/_iterators.js] 21 bytes {main} [built]
[./node_modules/core-js/library/modules/_library.js] 23 bytes {main} [built]
[./node_modules/core-js/library/modules/_meta.js] 1.52 KiB {main} [built]
[./node_modules/core-js/library/modules/_object-assign.js] 1.17 KiB {main} [built]
[./node_modules/core-js/library/modules/_object-create.js] 1.47 KiB {main} [built]
[./node_modules/core-js/library/modules/_object-dp.js] 600 bytes {main} [built]
[./node_modules/core-js/library/modules/_object-dps.js] 404 bytes {main} [built]
[./node_modules/core-js/library/modules/_object-gopd.js] 577 bytes {main} [built]
[./node_modules/core-js/library/modules/_object-gopn-ext.js] 604 bytes {main} [built]
[./node_modules/core-js/library/modules/_object-gopn.js] 288 bytes {main} [built]
[./node_modules/core-js/library/modules/_object-gops.js] 42 bytes {main} [built]
[./node_modules/core-js/library/modules/_object-gpo.js] 493 bytes {main} [built]
[./node_modules/core-js/library/modules/_object-keys-internal.js] 537 bytes {main} [built]
[./node_modules/core-js/library/modules/_object-keys.js] 222 bytes {main} [built]
[./node_modules/core-js/library/modules/_object-pie.js] 37 bytes {main} [built]
[./node_modules/core-js/library/modules/_object-sap.js] 370 bytes {main} [built]
[./node_modules/core-js/library/modules/_property-desc.js] 173 bytes {main} [built]
[./node_modules/core-js/library/modules/_redefine-all.js] 217 bytes {main} [built]
[./node_modules/core-js/library/modules/_redefine.js] 37 bytes {main} [built]
[./node_modules/core-js/library/modules/_set-collection-from.js] 802 bytes {main} [built]
[./node_modules/core-js/library/modules/_set-collection-of.js] 350 bytes {main} [built]
[./node_modules/core-js/library/modules/_set-proto.js] 906 bytes {main} [built]
[./node_modules/core-js/library/modules/_set-species.js] 435 bytes {main} [built]
[./node_modules/core-js/library/modules/_set-to-string-tag.js] 262 bytes {main} [built]
[./node_modules/core-js/library/modules/_shared-key.js] 159 bytes {main} [built]
[./node_modules/core-js/library/modules/_shared.js] 202 bytes {main} [built]
[./node_modules/core-js/library/modules/_string-at.js] 620 bytes {main} [built]
[./node_modules/core-js/library/modules/_to-absolute-index.js] 223 bytes {main} [built]
[./node_modules/core-js/library/modules/_to-integer.js] 161 bytes {main} [built]
[./node_modules/core-js/library/modules/_to-iobject.js] 217 bytes {main} [built]
[./node_modules/core-js/library/modules/_to-length.js] 215 bytes {main} [built]
[./node_modules/core-js/library/modules/_to-object.js] 132 bytes {main} [built]
[./node_modules/core-js/library/modules/_to-primitive.js] 655 bytes {main} [built]
[./node_modules/core-js/library/modules/_uid.js] 162 bytes {main} [built]
[./node_modules/core-js/library/modules/_validate-collection.js] 200 bytes {main} [built]
[./node_modules/core-js/library/modules/_wks-define.js] 417 bytes {main} [built]
[./node_modules/core-js/library/modules/_wks-ext.js] 31 bytes {main} [built]
[./node_modules/core-js/library/modules/_wks.js] 358 bytes {main} [built]
[./node_modules/core-js/library/modules/core.get-iterator-method.js] 297 bytes {main} [built]
[./node_modules/core-js/library/modules/es6.array.from.js] 1.6 KiB {main} [built]
[./node_modules/core-js/library/modules/es6.array.iterator.js] 1.09 KiB {main} [built]
[./node_modules/core-js/library/modules/es6.map.js] 642 bytes {main} [built]
[./node_modules/core-js/library/modules/es6.number.is-nan.js] 220 bytes {main} [built]
[./node_modules/core-js/library/modules/es6.number.min-safe-integer.js] 145 bytes {main} [built]
[./node_modules/core-js/library/modules/es6.object.assign.js] 162 bytes {main} [built]
[./node_modules/core-js/library/modules/es6.object.create.js] 162 bytes {main} [built]
[./node_modules/core-js/library/modules/es6.object.define-property.js] 217 bytes {main} [built]
[./node_modules/core-js/library/modules/es6.object.get-prototype-of.js] 273 bytes {main} [built]
[./node_modules/core-js/library/modules/es6.object.keys.js] 225 bytes {main} [built]
[./node_modules/core-js/library/modules/es6.object.set-prototype-of.js] 160 bytes {main} [built]
[./node_modules/core-js/library/modules/es6.object.to-string.js] 0 bytes {main} [built]
[./node_modules/core-js/library/modules/es6.string.iterator.js] 531 bytes {main} [built]
[./node_modules/core-js/library/modules/es6.symbol.js] 8.64 KiB {main} [built]
[./node_modules/core-js/library/modules/es7.map.from.js] 105 bytes {main} [built]
[./node_modules/core-js/library/modules/es7.map.of.js] 101 bytes {main} [built]
[./node_modules/core-js/library/modules/es7.map.to-json.js] 188 bytes {main} [built]
[./node_modules/core-js/library/modules/es7.symbol.async-iterator.js] 43 bytes {main} [built]
[./node_modules/core-js/library/modules/es7.symbol.observable.js] 40 bytes {main} [built]
[./node_modules/core-js/library/modules/web.dom.iterable.js] 969 bytes {main} [built]
[./node_modules/css-loader/index.js!./node_modules/sass-loader/lib/loader.js!./src/styles/main.scss] ./node_modules/css-loader!./node_modules/sass-loader/lib/loader.js!./src/styles/main.scss 428 bytes {main} [built]
[./node_modules/css-loader/lib/css-base.js] 2.21 KiB {main} [built]
[./node_modules/css-vendor/lib/camelize.js] 376 bytes {main} [built]
[./node_modules/css-vendor/lib/index.js] 1.07 KiB {main} [built]
[./node_modules/css-vendor/lib/prefix.js] 1.14 KiB {main} [built]
[./node_modules/css-vendor/lib/supported-property.js] 2 KiB {main} [built]
[./node_modules/css-vendor/lib/supported-value.js] 1.82 KiB {main} [built]
[./node_modules/deepmerge/dist/es.js] 2.57 KiB {main} [built]
[./node_modules/dom-helpers/activeElement.js] 593 bytes {main} [built]
[./node_modules/dom-helpers/ownerDocument.js] 231 bytes {main} [built]
[./node_modules/dom-helpers/ownerWindow.js] 490 bytes {main} [built]
[./node_modules/dom-helpers/query/contains.js] 941 bytes {main} [built]
[./node_modules/dom-helpers/query/isWindow.js] 282 bytes {main} [built]
[./node_modules/dom-helpers/style/getComputedStyle.js] 1.77 KiB {main} [built]
[./node_modules/dom-helpers/style/index.js] 1.74 KiB {main} [built]
[./node_modules/dom-helpers/style/removeStyle.js] 291 bytes {main} [built]
[./node_modules/dom-helpers/transition/isTransform.js] 349 bytes {main} [built]
[./node_modules/dom-helpers/transition/properties.js] 3.53 KiB {main} [built]
[./node_modules/dom-helpers/util/camelize.js] 287 bytes {main} [built]
[./node_modules/dom-helpers/util/camelizeStyle.js] 767 bytes {main} [built]
[./node_modules/dom-helpers/util/hyphenate.js] 257 bytes {main} [built]
[./node_modules/dom-helpers/util/hyphenateStyle.js] 772 bytes {main} [built]
[./node_modules/dom-helpers/util/inDOM.js] 221 bytes {main} [built]
[./node_modules/dom-helpers/util/scrollbarSize.js] 856 bytes {main} [built]
[./node_modules/fbjs/lib/ExecutionEnvironment.js] 935 bytes {main} [built]
[./node_modules/fbjs/lib/camelize.js] 582 bytes {main} [built]
[./node_modules/fbjs/lib/camelizeStyleName.js] 875 bytes {main} [built]
[./node_modules/fbjs/lib/containsNode.js] 923 bytes {main} [built]
[./node_modules/fbjs/lib/emptyFunction.js] 959 bytes {main} [built]
[./node_modules/fbjs/lib/emptyObject.js] 332 bytes {main} [built]
[./node_modules/fbjs/lib/getActiveElement.js] 912 bytes {main} [built]
[./node_modules/fbjs/lib/hyphenate.js] 674 bytes {main} [built]
[./node_modules/fbjs/lib/hyphenateStyleName.js] 848 bytes {main} [built]
[./node_modules/fbjs/lib/invariant.js] 1.47 KiB {main} [built]
[./node_modules/fbjs/lib/isNode.js] 702 bytes {main} [built]
[./node_modules/fbjs/lib/isTextNode.js] 479 bytes {main} [built]
[./node_modules/fbjs/lib/shallowEqual.js] 1.58 KiB {main} [built]
[./node_modules/fbjs/lib/warning.js] 1.85 KiB {main} [built]
[./node_modules/history/DOMUtils.js] 2.43 KiB {main} [built]
[./node_modules/history/LocationUtils.js] 2.58 KiB {main} [built]
[./node_modules/history/PathUtils.js] 1.73 KiB {main} [built]
[./node_modules/history/createBrowserHistory.js] 9.52 KiB {main} [built]
[./node_modules/history/createHashHistory.js] 9.82 KiB {main} [built]
[./node_modules/history/createMemoryHistory.js] 5.68 KiB {main} [built]
[./node_modules/history/createTransitionManager.js] 2.31 KiB {main} [built]
[./node_modules/history/es/DOMUtils.js] 2.21 KiB {main} [built]
[./node_modules/history/es/LocationUtils.js] 2.17 KiB {main} [built]
[./node_modules/history/es/PathUtils.js] 1.57 KiB {main} [built]
[./node_modules/history/es/createBrowserHistory.js] 9.01 KiB {main} [built]
[./node_modules/history/es/createHashHistory.js] 9.16 KiB {main} [built]
[./node_modules/history/es/createMemoryHistory.js] 5.27 KiB {main} [built]
[./node_modules/history/es/createTransitionManager.js] 2.08 KiB {main} [built]
[./node_modules/history/es/index.js] 460 bytes {main} [built]
[./node_modules/hoist-non-react-statics/index.js] 2.54 KiB {main} [built]
[./node_modules/hyphenate-style-name/index.js] 339 bytes {main} [built]
[./node_modules/invariant/browser.js] 1.36 KiB {main} [built]
[./node_modules/is-in-browser/dist/module.js] 510 bytes {main} [built]
[./node_modules/jss-camel-case/lib/index.js] 1.66 KiB {main} [built]
[./node_modules/jss-default-unit/lib/defaultUnits.js] 2.81 KiB {main} [built]
[./node_modules/jss-default-unit/lib/index.js] 2.72 KiB {main} [built]
[./node_modules/jss-global/lib/index.js] 4.82 KiB {main} [built]
[./node_modules/jss-nested/lib/index.js] 3.44 KiB {main} [built]
[./node_modules/jss-props-sort/lib/index.js] 566 bytes {main} [built]
[./node_modules/jss-vendor-prefixer/lib/index.js] 1.59 KiB {main} [built]
[./node_modules/jss/lib/Jss.js] 7.05 KiB {main} [built]
[./node_modules/jss/lib/PluginsRegistry.js] 3.75 KiB {main} [built]
[./node_modules/jss/lib/RuleList.js] 6.39 KiB {main} [built]
[./node_modules/jss/lib/SheetsManager.js] 2.62 KiB {main} [built]
[./node_modules/jss/lib/SheetsRegistry.js] 2.46 KiB {main} [built]
[./node_modules/jss/lib/StyleSheet.js] 5.92 KiB {main} [built]
[./node_modules/jss/lib/index.js] 2.12 KiB {main} [built]
[./node_modules/jss/lib/plugins/functions.js] 1.94 KiB {main} [built]
[./node_modules/jss/lib/plugins/observables.js] 1.67 KiB {main} [built]
[./node_modules/jss/lib/plugins/rules.js] 1.55 KiB {main} [built]
[./node_modules/jss/lib/renderers/DomRenderer.js] 12.2 KiB {main} [built]
[./node_modules/jss/lib/renderers/VirtualRenderer.js] 2.1 KiB {main} [built]
[./node_modules/jss/lib/rules/ConditionalRule.js] 2.68 KiB {main} [built]
[./node_modules/jss/lib/rules/FontFaceRule.js] 1.77 KiB {main} [built]
[./node_modules/jss/lib/rules/KeyframesRule.js] 2.19 KiB {main} [built]
[./node_modules/jss/lib/rules/SimpleRule.js] 1.59 KiB {main} [built]
[./node_modules/jss/lib/rules/StyleRule.js] 5.32 KiB {main} [built]
[./node_modules/jss/lib/rules/ViewportRule.js] 1.49 KiB {main} [built]
[./node_modules/jss/lib/sheets.js] 649 bytes {main} [built]
[./node_modules/jss/lib/utils/cloneStyle.js] 1.49 KiB {main} [built]
[./node_modules/jss/lib/utils/createGenerateClassName.js] 1.46 KiB {main} [built]
[./node_modules/jss/lib/utils/createRule.js] 1.08 KiB {main} [built]
[./node_modules/jss/lib/utils/escape.js] 512 bytes {main} [built]
[./node_modules/jss/lib/utils/getDynamicStyles.js] 976 bytes {main} [built]
[./node_modules/jss/lib/utils/isObservable.js] 454 bytes {main} [built]
[./node_modules/jss/lib/utils/linkRule.js] 356 bytes {main} [built]
[./node_modules/jss/lib/utils/moduleId.js] 466 bytes {main} [built]
[./node_modules/jss/lib/utils/toCss.js] 2.11 KiB {main} [built]
[./node_modules/jss/lib/utils/toCssValue.js] 1.33 KiB {main} [built]
[./node_modules/keycode/index.js] 3.63 KiB {main} [built]
[./node_modules/lodash/_Symbol.js] 118 bytes {main} [built]
[./node_modules/lodash/_baseGetTag.js] 792 bytes {main} [built]
[./node_modules/lodash/_freeGlobal.js] 173 bytes {main} [built]
[./node_modules/lodash/_getRawTag.js] 1.11 KiB {main} [built]
[./node_modules/lodash/_objectToString.js] 565 bytes {main} [built]
[./node_modules/lodash/_root.js] 300 bytes {main} [built]
[./node_modules/lodash/debounce.js] 5.93 KiB {main} [built]
[./node_modules/lodash/isObject.js] 733 bytes {main} [built]
[./node_modules/lodash/isObjectLike.js] 614 bytes {main} [built]
[./node_modules/lodash/isSymbol.js] 682 bytes {main} [built]
[./node_modules/lodash/now.js] 520 bytes {main} [built]
[./node_modules/lodash/toNumber.js] 1.54 KiB {main} [built]
[./node_modules/material-ui-icons/Menu.js] 820 bytes {main} [built]
[./node_modules/material-ui/AppBar/AppBar.js] 4.21 KiB {main} [built]
[./node_modules/material-ui/AppBar/index.js] 361 bytes {main} [built]
[./node_modules/material-ui/ButtonBase/ButtonBase.js] 14.7 KiB {main} [built]
[./node_modules/material-ui/ButtonBase/Ripple.js] 5.03 KiB {main} [built]
[./node_modules/material-ui/ButtonBase/TouchRipple.js] 10.7 KiB {main} [built]
[./node_modules/material-ui/ButtonBase/createRippleHandler.js] 570 bytes {main} [built]
[./node_modules/material-ui/ButtonBase/index.js] 373 bytes {main} [built]
[./node_modules/material-ui/Form/FormControl.js] 8.28 KiB {main} [built]
[./node_modules/material-ui/Form/FormControlLabel.js] 5.02 KiB {main} [built]
[./node_modules/material-ui/Form/FormGroup.js] 2.37 KiB {main} [built]
[./node_modules/material-ui/Form/FormHelperText.js] 3.92 KiB {main} [built]
[./node_modules/material-ui/Form/FormLabel.js] 4.46 KiB {main} [built]
[./node_modules/material-ui/Form/index.js] 1.18 KiB {main} [built]
[./node_modules/material-ui/IconButton/IconButton.js] 3.84 KiB {main} [built]
[./node_modules/material-ui/IconButton/index.js] 373 bytes {main} [built]
[./node_modules/material-ui/Input/Input.js] 22.2 KiB {main} [built]
[./node_modules/material-ui/Input/InputAdornment.js] 3.38 KiB {main} [built]
[./node_modules/material-ui/Input/InputLabel.js] 4.72 KiB {main} [built]
[./node_modules/material-ui/Input/Textarea.js] 8.71 KiB {main} [built]
[./node_modules/material-ui/Input/index.js] 774 bytes {main} [built]
[./node_modules/material-ui/List/List.js] 4.9 KiB {main} [built]
[./node_modules/material-ui/List/ListItem.js] 8.92 KiB {main} [built]
[./node_modules/material-ui/List/ListItemAvatar.js] 2.95 KiB {main} [built]
[./node_modules/material-ui/List/ListItemIcon.js] 2.08 KiB {main} [built]
[./node_modules/material-ui/List/ListItemSecondaryAction.js] 1.96 KiB {main} [built]
[./node_modules/material-ui/List/ListItemText.js] 4.23 KiB {main} [built]
[./node_modules/material-ui/List/ListSubheader.js] 3.71 KiB {main} [built]
[./node_modules/material-ui/List/index.js] 1.6 KiB {main} [built]
[./node_modules/material-ui/Menu/Menu.js] 8.28 KiB {main} [built]
[./node_modules/material-ui/Menu/MenuList.js] 7.66 KiB {main} [built]
[./node_modules/material-ui/Modal/Backdrop.js] 3.06 KiB {main} [built]
[./node_modules/material-ui/Modal/Modal.js] 15.6 KiB {main} [built]
[./node_modules/material-ui/Modal/ModalManager.js] 6.08 KiB {main} [built]
[./node_modules/material-ui/Modal/index.js] 758 bytes {main} [built]
[./node_modules/material-ui/Modal/isOverflowing.js] 1.28 KiB {main} [built]
[./node_modules/material-ui/Modal/manageAriaHidden.js] 1.06 KiB {main} [built]
[./node_modules/material-ui/Paper/Paper.js] 3.15 KiB {main} [built]
[./node_modules/material-ui/Paper/index.js] 358 bytes {main} [built]
[./node_modules/material-ui/Popover/Popover.js] 19.5 KiB {main} [built]
[./node_modules/material-ui/Popover/index.js] 364 bytes {main} [built]
[./node_modules/material-ui/Portal/LegacyPortal.js] 4.96 KiB {main} [built]
[./node_modules/material-ui/Portal/Portal.js] 4.38 KiB {main} [built]
[./node_modules/material-ui/Portal/index.js] 558 bytes {main} [built]
[./node_modules/material-ui/Select/Select.js] 7.47 KiB {main} [built]
[./node_modules/material-ui/Select/SelectInput.js] 17.2 KiB {main} [built]
[./node_modules/material-ui/SvgIcon/SvgIcon.js] 4.18 KiB {main} [built]
[./node_modules/material-ui/SvgIcon/index.js] 364 bytes {main} [built]
[./node_modules/material-ui/TextField/TextField.js] 9.16 KiB {main} [built]
[./node_modules/material-ui/TextField/index.js] 370 bytes {main} [built]
[./node_modules/material-ui/Toolbar/Toolbar.js] 2.41 KiB {main} [built]
[./node_modules/material-ui/Toolbar/index.js] 364 bytes {main} [built]
[./node_modules/material-ui/Typography/Typography.js] 5.9 KiB {main} [built]
[./node_modules/material-ui/Typography/index.js] 373 bytes {main} [built]
[./node_modules/material-ui/colors/common.js] 157 bytes {main} [built]
[./node_modules/material-ui/colors/grey.js] 374 bytes {main} [built]
[./node_modules/material-ui/colors/indigo.js] 378 bytes {main} [built]
[./node_modules/material-ui/colors/pink.js] 374 bytes {main} [built]
[./node_modules/material-ui/colors/red.js] 372 bytes {main} [built]
[./node_modules/material-ui/internal/RootRef.js] 2.34 KiB {main} [built]
[./node_modules/material-ui/internal/svg-icons/ArrowDropDown.js] 816 bytes {main} [built]
[./node_modules/material-ui/styles/MuiThemeProvider.js] 6.95 KiB {main} [built]
[./node_modules/material-ui/styles/colorManipulator.js] 8.05 KiB {main} [built]
[./node_modules/material-ui/styles/createBreakpoints.js] 2.35 KiB {main} [built]
[./node_modules/material-ui/styles/createGenerateClassName.js] 3.47 KiB {main} [built]
[./node_modules/material-ui/styles/createMixins.js] 1.3 KiB {main} [built]
[./node_modules/material-ui/styles/createMuiTheme.js] 3.2 KiB {main} [built]
[./node_modules/material-ui/styles/createPalette.js] 7.35 KiB {main} [built]
[./node_modules/material-ui/styles/createTypography.js] 4.28 KiB {main} [built]
[./node_modules/material-ui/styles/getStylesCreator.js] 1.74 KiB {main} [built]
[./node_modules/material-ui/styles/getThemeProps.js] 305 bytes {main} [built]
[./node_modules/material-ui/styles/jssPreset.js] 1.17 KiB {main} [built]
[./node_modules/material-ui/styles/shadows.js] 2.4 KiB {main} [built]
[./node_modules/material-ui/styles/spacing.js] 299 bytes {main} [built]
[./node_modules/material-ui/styles/themeListener.js] 1.08 KiB {main} [built]
[./node_modules/material-ui/styles/transitions.js] 4.71 KiB {main} [built]
[./node_modules/material-ui/styles/withStyles.js] 14.5 KiB {main} [built]
[./node_modules/material-ui/styles/withTheme.js] 3.76 KiB {main} [built]
[./node_modules/material-ui/styles/zIndex.js] 327 bytes {main} [built]
[./node_modules/material-ui/transitions/Fade.js] 5.57 KiB {main} [built]
[./node_modules/material-ui/transitions/Grow.js] 7.31 KiB {main} [built]
[./node_modules/material-ui/transitions/utils.js] 542 bytes {main} [built]
[./node_modules/material-ui/utils/exactProp.js] 1.36 KiB {main} [built]
[./node_modules/material-ui/utils/helpers.js] 2.53 KiB {main} [built]
[./node_modules/material-ui/utils/keyboardFocus.js] 2.41 KiB {main} [built]
[./node_modules/material-ui/utils/reactHelpers.js] 1.24 KiB {main} [built]
[./node_modules/object-assign/index.js] 2.06 KiB {main} [built]
[./node_modules/prop-types/checkPropTypes.js] 2.81 KiB {main} [built]
[./node_modules/prop-types/factoryWithTypeCheckers.js] 19.4 KiB {main} [built]
[./node_modules/prop-types/index.js] 956 bytes {main} [built]
[./node_modules/prop-types/lib/ReactPropTypesSecret.js] 314 bytes {main} [built]
[./node_modules/react-dom/cjs/react-dom.development.js] 587 KiB {main} [built]
[./node_modules/react-dom/index.js] 1.33 KiB {main} [built]
[./node_modules/react-event-listener/lib/index.js] 5.81 KiB {main} [built]
[./node_modules/react-event-listener/lib/supports.js] 1.09 KiB {main} [built]
[./node_modules/react-jss/lib/contextTypes.js] 1.26 KiB {main} [built]
[./node_modules/react-jss/lib/ns.js] 426 bytes {main} [built]
[./node_modules/react-jss/lib/propTypes.js] 516 bytes {main} [built]
[./node_modules/react-lifecycles-compat/react-lifecycles-compat.cjs.js] 3.32 KiB {main} [built]
[./node_modules/react-router-dom/es/BrowserRouter.js] 2.36 KiB {main} [built]
[./node_modules/react-router-dom/es/HashRouter.js] 2.33 KiB {main} [built]
[./node_modules/react-router-dom/es/Link.js] 3.98 KiB {main} [built]
[./node_modules/react-router-dom/es/MemoryRouter.js] 149 bytes {main} [built]
[./node_modules/react-router-dom/es/NavLink.js] 2.6 KiB {main} [built]
[./node_modules/react-router-dom/es/Prompt.js] 131 bytes {main} [built]
[./node_modules/react-router-dom/es/Redirect.js] 137 bytes {main} [built]
[./node_modules/react-router-dom/es/Route.js] 128 bytes {main} [built]
[./node_modules/react-router-dom/es/Router.js] 131 bytes {main} [built]
[./node_modules/react-router-dom/es/StaticRouter.js] 149 bytes {main} [built]
[./node_modules/react-router-dom/es/Switch.js] 131 bytes {main} [built]
[./node_modules/react-router-dom/es/index.js] 925 bytes {main} [built]
[./node_modules/react-router-dom/es/matchPath.js] 140 bytes {main} [built]
[./node_modules/react-router-dom/es/withRouter.js] 143 bytes {main} [built]
[./node_modules/react-router/es/MemoryRouter.js] 2.36 KiB {main} [built]
[./node_modules/react-router/es/Prompt.js] 2.62 KiB {main} [built]
[./node_modules/react-router/es/Redirect.js] 3.05 KiB {main} [built]
[./node_modules/react-router/es/Route.js] 5.88 KiB {main} [built]
[./node_modules/react-router/es/Router.js] 3.71 KiB {main} [built]
[./node_modules/react-router/es/StaticRouter.js] 6.18 KiB {main} [built]
[./node_modules/react-router/es/Switch.js] 3.21 KiB {main} [built]
[./node_modules/react-router/es/matchPath.js] 2 KiB {main} [built]
[./node_modules/react-router/es/withRouter.js] 1.37 KiB {main} [built]
[./node_modules/react-router/node_modules/isarray/index.js] 120 bytes {main} [built]
[./node_modules/react-router/node_modules/path-to-regexp/index.js] 10.6 KiB {main} [built]
[./node_modules/react-transition-group/Transition.js] 17.8 KiB {main} [built]
[./node_modules/react-transition-group/TransitionGroup.js] 9.34 KiB {main} [built]
[./node_modules/react-transition-group/utils/ChildMapping.js] 2.77 KiB {main} [built]
[./node_modules/react-transition-group/utils/PropTypes.js] 1.9 KiB {main} [built]
[./node_modules/react/cjs/react.development.js] 45.5 KiB {main} [built]
[./node_modules/react/index.js] 190 bytes {main} [built]
[./node_modules/recompose/getDisplayName.js] 315 bytes {main} [built]
[./node_modules/recompose/pure.js] 999 bytes {main} [built]
[./node_modules/recompose/setDisplayName.js] 397 bytes {main} [built]
[./node_modules/recompose/setStatic.js] 307 bytes {main} [built]
[./node_modules/recompose/shallowEqual.js] 297 bytes {main} [built]
[./node_modules/recompose/shouldUpdate.js] 2.21 KiB {main} [built]
[./node_modules/recompose/wrapDisplayName.js] 445 bytes {main} [built]
[./node_modules/resolve-pathname/index.js] 1.75 KiB {main} [built]
[./node_modules/style-loader/lib/addStyles.js] 9.69 KiB {main} [built]
[./node_modules/style-loader/lib/urls.js] 2.94 KiB {main} [built]
[./node_modules/symbol-observable/es/index.js] 403 bytes {main} [built]
[./node_modules/symbol-observable/es/ponyfill.js] 333 bytes {main} [built]
[./node_modules/value-equal/index.js] 1.11 KiB {main} [built]
[./node_modules/warning/browser.js] 1.76 KiB {main} [built]
[./node_modules/webpack/buildin/global.js] (webpack)/buildin/global.js 509 bytes {main} [built]
[./node_modules/webpack/buildin/harmony-module.js] (webpack)/buildin/harmony-module.js 597 bytes {main} [built]
[./src/components/App.js] 557 bytes {main} [built]
[./src/components/homepage/HomeAppBar.js] 1.5 KiB {main} [built]
[./src/components/homepage/Homepage.js] 573 bytes {main} [built]
[./src/index.js] 1.12 KiB {main} [built]
[./src/styles/main.scss] 1.19 KiB {main} [built]
Child html-webpack-plugin for "index.html":
     1 asset
    Entrypoint undefined = index.html
    [./node_modules/html-webpack-plugin/lib/loader.js!./public/index.html] 669 bytes {0} [built]
    [./node_modules/lodash/lodash.js] 527 KiB {0} [built]
    [./node_modules/webpack/buildin/global.js] (webpack)/buildin/global.js 509 bytes {0} [built]
    [./node_modules/webpack/buildin/module.js] (webpack)/buildin/module.js 519 bytes {0} [built]
